Determining if the pthread_create exist failed with the following output:
Change Dir: /home/rhomni/bax_ws/bax_local/build/color_detect/CMakeFiles/CMakeTmp

Run Build Command:/usr/bin/make "cmTryCompileExec1862253763/fast"
/usr/bin/make -f CMakeFiles/cmTryCompileExec1862253763.dir/build.make CMakeFiles/cmTryCompileExec1862253763.dir/build
make[1]: Entering directory `/home/rhomni/bax_ws/bax_local/build/color_detect/CMakeFiles/CMakeTmp'
/usr/bin/cmake -E cmake_progress_report /home/rhomni/bax_ws/bax_local/build/color_detect/CMakeFiles/CMakeTmp/CMakeFiles 1
Building C object CMakeFiles/cmTryCompileExec1862253763.dir/CheckSymbolExists.c.o
/usr/bin/cc    -o CMakeFiles/cmTryCompileExec1862253763.dir/CheckSymbolExists.c.o   -c /home/rhomni/bax_ws/bax_local/build/color_detect/CMakeFiles/CMakeTmp/CheckSymbolExists.c
Linking C executable cmTryCompileExec1862253763
/usr/bin/cmake -E cmake_link_script CMakeFiles/cmTryCompileExec1862253763.dir/link.txt --verbose=1
/usr/bin/cc       CMakeFiles/cmTryCompileExec1862253763.dir/CheckSymbolExists.c.o  -o cmTryCompileExec1862253763 -rdynamic 
CMakeFiles/cmTryCompileExec1862253763.dir/CheckSymbolExists.c.o: In function `main':
CheckSymbolExists.c:(.text+0x16): undefined reference to `pthread_create'
collect2: error: ld returned 1 exit status
make[1]: Leaving directory `/home/rhomni/bax_ws/bax_local/build/color_detect/CMakeFiles/CMakeTmp'
make[1]: *** [cmTryCompileExec1862253763] Error 1
make: *** [cmTryCompileExec1862253763/fast] Error 2

File /home/rhomni/bax_ws/bax_local/build/color_detect/CMakeFiles/CMakeTmp/CheckSymbolExists.c:
/* */
#include <pthread.h>

int main(int argc, char** argv)
{
  (void)argv;
#ifndef pthread_create
  return ((int*)(&pthread_create))[argc];
#else
  (void)argc;
  return 0;
#endif
}

Determining if the function pthread_create exists in the pthreads failed with the following output:
Change Dir: /home/rhomni/bax_ws/bax_local/build/color_detect/CMakeFiles/CMakeTmp

Run Build Command:/usr/bin/make "cmTryCompileExec1362908349/fast"
/usr/bin/make -f CMakeFiles/cmTryCompileExec1362908349.dir/build.make CMakeFiles/cmTryCompileExec1362908349.dir/build
make[1]: Entering directory `/home/rhomni/bax_ws/bax_local/build/color_detect/CMakeFiles/CMakeTmp'
/usr/bin/cmake -E cmake_progress_report /home/rhomni/bax_ws/bax_local/build/color_detect/CMakeFiles/CMakeTmp/CMakeFiles 1
Building C object CMakeFiles/cmTryCompileExec1362908349.dir/CheckFunctionExists.c.o
/usr/bin/cc   -DCHECK_FUNCTION_EXISTS=pthread_create   -o CMakeFiles/cmTryCompileExec1362908349.dir/CheckFunctionExists.c.o   -c /usr/share/cmake-2.8/Modules/CheckFunctionExists.c
Linking C executable cmTryCompileExec1362908349
/usr/bin/cmake -E cmake_link_script CMakeFiles/cmTryCompileExec1362908349.dir/link.txt --verbose=1
/usr/bin/cc   -DCHECK_FUNCTION_EXISTS=pthread_create    CMakeFiles/cmTryCompileExec1362908349.dir/CheckFunctionExists.c.o  -o cmTryCompileExec1362908349 -rdynamic -lpthreads 
/usr/bin/ld: cannot find -lpthreads
collect2: error: ld returned 1 exit status
make[1]: *** [cmTryCompileExec1362908349] Error 1
make[1]: Leaving directory `/home/rhomni/bax_ws/bax_local/build/color_detect/CMakeFiles/CMakeTmp'
make: *** [cmTryCompileExec1362908349/fast] Error 2


