Determining if the pthread_create exist failed with the following output:
Change Dir: /home/rhomni/bax_ws/bax_local/build/r2_moveit_generated/CMakeFiles/CMakeTmp

Run Build Command:/usr/bin/make "cmTryCompileExec3083060181/fast"
/usr/bin/make -f CMakeFiles/cmTryCompileExec3083060181.dir/build.make CMakeFiles/cmTryCompileExec3083060181.dir/build
make[1]: Entering directory `/home/rhomni/bax_ws/bax_local/build/r2_moveit_generated/CMakeFiles/CMakeTmp'
/usr/bin/cmake -E cmake_progress_report /home/rhomni/bax_ws/bax_local/build/r2_moveit_generated/CMakeFiles/CMakeTmp/CMakeFiles 1
Building C object CMakeFiles/cmTryCompileExec3083060181.dir/CheckSymbolExists.c.o
/usr/bin/cc    -o CMakeFiles/cmTryCompileExec3083060181.dir/CheckSymbolExists.c.o   -c /home/rhomni/bax_ws/bax_local/build/r2_moveit_generated/CMakeFiles/CMakeTmp/CheckSymbolExists.c
Linking C executable cmTryCompileExec3083060181
/usr/bin/cmake -E cmake_link_script CMakeFiles/cmTryCompileExec3083060181.dir/link.txt --verbose=1
/usr/bin/cc       CMakeFiles/cmTryCompileExec3083060181.dir/CheckSymbolExists.c.o  -o cmTryCompileExec3083060181 -rdynamic 
CMakeFiles/cmTryCompileExec3083060181.dir/CheckSymbolExists.c.o: In function `main':
CheckSymbolExists.c:(.text+0x16): undefined reference to `pthread_create'
collect2: error: ld returned 1 exit status
make[1]: *** [cmTryCompileExec3083060181] Error 1
make[1]: Leaving directory `/home/rhomni/bax_ws/bax_local/build/r2_moveit_generated/CMakeFiles/CMakeTmp'
make: *** [cmTryCompileExec3083060181/fast] Error 2

File /home/rhomni/bax_ws/bax_local/build/r2_moveit_generated/CMakeFiles/CMakeTmp/CheckSymbolExists.c:
/* */
#include <pthread.h>

int main(int argc, char** argv)
{
  (void)argv;
#ifndef pthread_create
  return ((int*)(&pthread_create))[argc];
#else
  (void)argc;
  return 0;
#endif
}

Determining if the function pthread_create exists in the pthreads failed with the following output:
Change Dir: /home/rhomni/bax_ws/bax_local/build/r2_moveit_generated/CMakeFiles/CMakeTmp

Run Build Command:/usr/bin/make "cmTryCompileExec1665225026/fast"
/usr/bin/make -f CMakeFiles/cmTryCompileExec1665225026.dir/build.make CMakeFiles/cmTryCompileExec1665225026.dir/build
make[1]: Entering directory `/home/rhomni/bax_ws/bax_local/build/r2_moveit_generated/CMakeFiles/CMakeTmp'
/usr/bin/cmake -E cmake_progress_report /home/rhomni/bax_ws/bax_local/build/r2_moveit_generated/CMakeFiles/CMakeTmp/CMakeFiles 1
Building C object CMakeFiles/cmTryCompileExec1665225026.dir/CheckFunctionExists.c.o
/usr/bin/cc   -DCHECK_FUNCTION_EXISTS=pthread_create   -o CMakeFiles/cmTryCompileExec1665225026.dir/CheckFunctionExists.c.o   -c /usr/share/cmake-2.8/Modules/CheckFunctionExists.c
Linking C executable cmTryCompileExec1665225026
/usr/bin/cmake -E cmake_link_script CMakeFiles/cmTryCompileExec1665225026.dir/link.txt --verbose=1
/usr/bin/cc   -DCHECK_FUNCTION_EXISTS=pthread_create    CMakeFiles/cmTryCompileExec1665225026.dir/CheckFunctionExists.c.o  -o cmTryCompileExec1665225026 -rdynamic -lpthreads 
/usr/bin/ld: cannot find -lpthreads
collect2: error: ld returned 1 exit status
make[1]: *** [cmTryCompileExec1665225026] Error 1
make[1]: Leaving directory `/home/rhomni/bax_ws/bax_local/build/r2_moveit_generated/CMakeFiles/CMakeTmp'
make: *** [cmTryCompileExec1665225026/fast] Error 2


