Determining if the pthread_create exist failed with the following output:
Change Dir: /home/rhomni/bax_ws/bax_local/build/clam_moveit_config/CMakeFiles/CMakeTmp

Run Build Command:/usr/bin/make "cmTryCompileExec803886279/fast"
/usr/bin/make -f CMakeFiles/cmTryCompileExec803886279.dir/build.make CMakeFiles/cmTryCompileExec803886279.dir/build
make[1]: Entering directory `/home/rhomni/bax_ws/bax_local/build/clam_moveit_config/CMakeFiles/CMakeTmp'
/usr/bin/cmake -E cmake_progress_report /home/rhomni/bax_ws/bax_local/build/clam_moveit_config/CMakeFiles/CMakeTmp/CMakeFiles 1
Building C object CMakeFiles/cmTryCompileExec803886279.dir/CheckSymbolExists.c.o
/usr/bin/cc    -o CMakeFiles/cmTryCompileExec803886279.dir/CheckSymbolExists.c.o   -c /home/rhomni/bax_ws/bax_local/build/clam_moveit_config/CMakeFiles/CMakeTmp/CheckSymbolExists.c
Linking C executable cmTryCompileExec803886279
/usr/bin/cmake -E cmake_link_script CMakeFiles/cmTryCompileExec803886279.dir/link.txt --verbose=1
/usr/bin/cc       CMakeFiles/cmTryCompileExec803886279.dir/CheckSymbolExists.c.o  -o cmTryCompileExec803886279 -rdynamic 
CMakeFiles/cmTryCompileExec803886279.dir/CheckSymbolExists.c.o: In function `main':
CheckSymbolExists.c:(.text+0x16): undefined reference to `pthread_create'
collect2: error: ld returned 1 exit status
make[1]: *** [cmTryCompileExec803886279] Error 1
make[1]: Leaving directory `/home/rhomni/bax_ws/bax_local/build/clam_moveit_config/CMakeFiles/CMakeTmp'
make: *** [cmTryCompileExec803886279/fast] Error 2

File /home/rhomni/bax_ws/bax_local/build/clam_moveit_config/CMakeFiles/CMakeTmp/CheckSymbolExists.c:
/* */
#include <pthread.h>

int main(int argc, char** argv)
{
  (void)argv;
#ifndef pthread_create
  return ((int*)(&pthread_create))[argc];
#else
  (void)argc;
  return 0;
#endif
}

Determining if the function pthread_create exists in the pthreads failed with the following output:
Change Dir: /home/rhomni/bax_ws/bax_local/build/clam_moveit_config/CMakeFiles/CMakeTmp

Run Build Command:/usr/bin/make "cmTryCompileExec142278369/fast"
/usr/bin/make -f CMakeFiles/cmTryCompileExec142278369.dir/build.make CMakeFiles/cmTryCompileExec142278369.dir/build
make[1]: Entering directory `/home/rhomni/bax_ws/bax_local/build/clam_moveit_config/CMakeFiles/CMakeTmp'
/usr/bin/cmake -E cmake_progress_report /home/rhomni/bax_ws/bax_local/build/clam_moveit_config/CMakeFiles/CMakeTmp/CMakeFiles 1
Building C object CMakeFiles/cmTryCompileExec142278369.dir/CheckFunctionExists.c.o
/usr/bin/cc   -DCHECK_FUNCTION_EXISTS=pthread_create   -o CMakeFiles/cmTryCompileExec142278369.dir/CheckFunctionExists.c.o   -c /usr/share/cmake-2.8/Modules/CheckFunctionExists.c
Linking C executable cmTryCompileExec142278369
/usr/bin/cmake -E cmake_link_script CMakeFiles/cmTryCompileExec142278369.dir/link.txt --verbose=1
/usr/bin/cc   -DCHECK_FUNCTION_EXISTS=pthread_create    CMakeFiles/cmTryCompileExec142278369.dir/CheckFunctionExists.c.o  -o cmTryCompileExec142278369 -rdynamic -lpthreads 
/usr/bin/ld: cannot find -lpthreads
collect2: error: ld returned 1 exit status
make[1]: Leaving directory `/home/rhomni/bax_ws/bax_local/build/clam_moveit_config/CMakeFiles/CMakeTmp'
make[1]: *** [cmTryCompileExec142278369] Error 1
make: *** [cmTryCompileExec142278369/fast] Error 2


