Determining if the pthread_create exist failed with the following output:
Change Dir: /home/rhomni/bax_ws/bax_local/build/baxter_ikfast_left_arm_plugin/CMakeFiles/CMakeTmp

Run Build Command:/usr/bin/make "cmTryCompileExec3780040285/fast"
/usr/bin/make -f CMakeFiles/cmTryCompileExec3780040285.dir/build.make CMakeFiles/cmTryCompileExec3780040285.dir/build
make[1]: Entering directory `/home/rhomni/bax_ws/bax_local/build/baxter_ikfast_left_arm_plugin/CMakeFiles/CMakeTmp'
/usr/bin/cmake -E cmake_progress_report /home/rhomni/bax_ws/bax_local/build/baxter_ikfast_left_arm_plugin/CMakeFiles/CMakeTmp/CMakeFiles 1
Building C object CMakeFiles/cmTryCompileExec3780040285.dir/CheckSymbolExists.c.o
/usr/bin/cc    -o CMakeFiles/cmTryCompileExec3780040285.dir/CheckSymbolExists.c.o   -c /home/rhomni/bax_ws/bax_local/build/baxter_ikfast_left_arm_plugin/CMakeFiles/CMakeTmp/CheckSymbolExists.c
Linking C executable cmTryCompileExec3780040285
/usr/bin/cmake -E cmake_link_script CMakeFiles/cmTryCompileExec3780040285.dir/link.txt --verbose=1
/usr/bin/cc       CMakeFiles/cmTryCompileExec3780040285.dir/CheckSymbolExists.c.o  -o cmTryCompileExec3780040285 -rdynamic 
CMakeFiles/cmTryCompileExec3780040285.dir/CheckSymbolExists.c.o: In function `main':
CheckSymbolExists.c:(.text+0x16): undefined reference to `pthread_create'
collect2: error: ld returned 1 exit status
make[1]: Leaving directory `/home/rhomni/bax_ws/bax_local/build/baxter_ikfast_left_arm_plugin/CMakeFiles/CMakeTmp'
make[1]: *** [cmTryCompileExec3780040285] Error 1
make: *** [cmTryCompileExec3780040285/fast] Error 2

File /home/rhomni/bax_ws/bax_local/build/baxter_ikfast_left_arm_plugin/CMakeFiles/CMakeTmp/CheckSymbolExists.c:
/* */
#include <pthread.h>

int main(int argc, char** argv)
{
  (void)argv;
#ifndef pthread_create
  return ((int*)(&pthread_create))[argc];
#else
  (void)argc;
  return 0;
#endif
}

Determining if the function pthread_create exists in the pthreads failed with the following output:
Change Dir: /home/rhomni/bax_ws/bax_local/build/baxter_ikfast_left_arm_plugin/CMakeFiles/CMakeTmp

Run Build Command:/usr/bin/make "cmTryCompileExec915979714/fast"
/usr/bin/make -f CMakeFiles/cmTryCompileExec915979714.dir/build.make CMakeFiles/cmTryCompileExec915979714.dir/build
make[1]: Entering directory `/home/rhomni/bax_ws/bax_local/build/baxter_ikfast_left_arm_plugin/CMakeFiles/CMakeTmp'
/usr/bin/cmake -E cmake_progress_report /home/rhomni/bax_ws/bax_local/build/baxter_ikfast_left_arm_plugin/CMakeFiles/CMakeTmp/CMakeFiles 1
Building C object CMakeFiles/cmTryCompileExec915979714.dir/CheckFunctionExists.c.o
/usr/bin/cc   -DCHECK_FUNCTION_EXISTS=pthread_create   -o CMakeFiles/cmTryCompileExec915979714.dir/CheckFunctionExists.c.o   -c /usr/share/cmake-2.8/Modules/CheckFunctionExists.c
Linking C executable cmTryCompileExec915979714
/usr/bin/cmake -E cmake_link_script CMakeFiles/cmTryCompileExec915979714.dir/link.txt --verbose=1
/usr/bin/cc   -DCHECK_FUNCTION_EXISTS=pthread_create    CMakeFiles/cmTryCompileExec915979714.dir/CheckFunctionExists.c.o  -o cmTryCompileExec915979714 -rdynamic -lpthreads 
/usr/bin/ld: cannot find -lpthreads
collect2: error: ld returned 1 exit status
make[1]: Leaving directory `/home/rhomni/bax_ws/bax_local/build/baxter_ikfast_left_arm_plugin/CMakeFiles/CMakeTmp'
make[1]: *** [cmTryCompileExec915979714] Error 1
make: *** [cmTryCompileExec915979714/fast] Error 2


