Determining if the pthread_create exist failed with the following output:
Change Dir: /home/rhomni/bax_ws/bax_local/build/CMakeFiles/CMakeTmp

Run Build Command:/usr/bin/make "cmTryCompileExec3278289847/fast"
/usr/bin/make -f CMakeFiles/cmTryCompileExec3278289847.dir/build.make CMakeFiles/cmTryCompileExec3278289847.dir/build
make[1]: Entering directory `/home/rhomni/bax_ws/bax_local/build/CMakeFiles/CMakeTmp'
/usr/bin/cmake -E cmake_progress_report /home/rhomni/bax_ws/bax_local/build/CMakeFiles/CMakeTmp/CMakeFiles 1
Building C object CMakeFiles/cmTryCompileExec3278289847.dir/CheckSymbolExists.c.o
/usr/bin/cc    -o CMakeFiles/cmTryCompileExec3278289847.dir/CheckSymbolExists.c.o   -c /home/rhomni/bax_ws/bax_local/build/CMakeFiles/CMakeTmp/CheckSymbolExists.c
Linking C executable cmTryCompileExec3278289847
/usr/bin/cmake -E cmake_link_script CMakeFiles/cmTryCompileExec3278289847.dir/link.txt --verbose=1
/usr/bin/cc       CMakeFiles/cmTryCompileExec3278289847.dir/CheckSymbolExists.c.o  -o cmTryCompileExec3278289847 -rdynamic 
CMakeFiles/cmTryCompileExec3278289847.dir/CheckSymbolExists.c.o: In function `main':
CheckSymbolExists.c:(.text+0x16): undefined reference to `pthread_create'
collect2: error: ld returned 1 exit status
make[1]: Leaving directory `/home/rhomni/bax_ws/bax_local/build/CMakeFiles/CMakeTmp'
make[1]: *** [cmTryCompileExec3278289847] Error 1
make: *** [cmTryCompileExec3278289847/fast] Error 2

File /home/rhomni/bax_ws/bax_local/build/CMakeFiles/CMakeTmp/CheckSymbolExists.c:
/* */
#include <pthread.h>

int main(int argc, char** argv)
{
  (void)argv;
#ifndef pthread_create
  return ((int*)(&pthread_create))[argc];
#else
  (void)argc;
  return 0;
#endif
}

Determining if the function pthread_create exists in the pthreads failed with the following output:
Change Dir: /home/rhomni/bax_ws/bax_local/build/CMakeFiles/CMakeTmp

Run Build Command:/usr/bin/make "cmTryCompileExec518768856/fast"
/usr/bin/make -f CMakeFiles/cmTryCompileExec518768856.dir/build.make CMakeFiles/cmTryCompileExec518768856.dir/build
make[1]: Entering directory `/home/rhomni/bax_ws/bax_local/build/CMakeFiles/CMakeTmp'
/usr/bin/cmake -E cmake_progress_report /home/rhomni/bax_ws/bax_local/build/CMakeFiles/CMakeTmp/CMakeFiles 1
Building C object CMakeFiles/cmTryCompileExec518768856.dir/CheckFunctionExists.c.o
/usr/bin/cc   -DCHECK_FUNCTION_EXISTS=pthread_create   -o CMakeFiles/cmTryCompileExec518768856.dir/CheckFunctionExists.c.o   -c /usr/share/cmake-2.8/Modules/CheckFunctionExists.c
Linking C executable cmTryCompileExec518768856
/usr/bin/cmake -E cmake_link_script CMakeFiles/cmTryCompileExec518768856.dir/link.txt --verbose=1
/usr/bin/cc   -DCHECK_FUNCTION_EXISTS=pthread_create    CMakeFiles/cmTryCompileExec518768856.dir/CheckFunctionExists.c.o  -o cmTryCompileExec518768856 -rdynamic -lpthreads 
/usr/bin/ld: cannot find -lpthreads
collect2: error: ld returned 1 exit status
make[1]: *** [cmTryCompileExec518768856] Error 1
make[1]: Leaving directory `/home/rhomni/bax_ws/bax_local/build/CMakeFiles/CMakeTmp'
make: *** [cmTryCompileExec518768856/fast] Error 2


