Determining if the pthread_create exist failed with the following output:
Change Dir: /home/rhomni/bax_ws/bax_local/build/atlas_moveit_config/CMakeFiles/CMakeTmp

Run Build Command:/usr/bin/make "cmTryCompileExec3118299893/fast"
/usr/bin/make -f CMakeFiles/cmTryCompileExec3118299893.dir/build.make CMakeFiles/cmTryCompileExec3118299893.dir/build
make[1]: Entering directory `/home/rhomni/bax_ws/bax_local/build/atlas_moveit_config/CMakeFiles/CMakeTmp'
/usr/bin/cmake -E cmake_progress_report /home/rhomni/bax_ws/bax_local/build/atlas_moveit_config/CMakeFiles/CMakeTmp/CMakeFiles 1
Building C object CMakeFiles/cmTryCompileExec3118299893.dir/CheckSymbolExists.c.o
/usr/bin/cc    -o CMakeFiles/cmTryCompileExec3118299893.dir/CheckSymbolExists.c.o   -c /home/rhomni/bax_ws/bax_local/build/atlas_moveit_config/CMakeFiles/CMakeTmp/CheckSymbolExists.c
Linking C executable cmTryCompileExec3118299893
/usr/bin/cmake -E cmake_link_script CMakeFiles/cmTryCompileExec3118299893.dir/link.txt --verbose=1
/usr/bin/cc       CMakeFiles/cmTryCompileExec3118299893.dir/CheckSymbolExists.c.o  -o cmTryCompileExec3118299893 -rdynamic 
CMakeFiles/cmTryCompileExec3118299893.dir/CheckSymbolExists.c.o: In function `main':
CheckSymbolExists.c:(.text+0x16): undefined reference to `pthread_create'
collect2: error: ld returned 1 exit status
make[1]: Leaving directory `/home/rhomni/bax_ws/bax_local/build/atlas_moveit_config/CMakeFiles/CMakeTmp'
make[1]: *** [cmTryCompileExec3118299893] Error 1
make: *** [cmTryCompileExec3118299893/fast] Error 2

File /home/rhomni/bax_ws/bax_local/build/atlas_moveit_config/CMakeFiles/CMakeTmp/CheckSymbolExists.c:
/* */
#include <pthread.h>

int main(int argc, char** argv)
{
  (void)argv;
#ifndef pthread_create
  return ((int*)(&pthread_create))[argc];
#else
  (void)argc;
  return 0;
#endif
}

Determining if the function pthread_create exists in the pthreads failed with the following output:
Change Dir: /home/rhomni/bax_ws/bax_local/build/atlas_moveit_config/CMakeFiles/CMakeTmp

Run Build Command:/usr/bin/make "cmTryCompileExec3716278775/fast"
/usr/bin/make -f CMakeFiles/cmTryCompileExec3716278775.dir/build.make CMakeFiles/cmTryCompileExec3716278775.dir/build
make[1]: Entering directory `/home/rhomni/bax_ws/bax_local/build/atlas_moveit_config/CMakeFiles/CMakeTmp'
/usr/bin/cmake -E cmake_progress_report /home/rhomni/bax_ws/bax_local/build/atlas_moveit_config/CMakeFiles/CMakeTmp/CMakeFiles 1
Building C object CMakeFiles/cmTryCompileExec3716278775.dir/CheckFunctionExists.c.o
/usr/bin/cc   -DCHECK_FUNCTION_EXISTS=pthread_create   -o CMakeFiles/cmTryCompileExec3716278775.dir/CheckFunctionExists.c.o   -c /usr/share/cmake-2.8/Modules/CheckFunctionExists.c
Linking C executable cmTryCompileExec3716278775
/usr/bin/cmake -E cmake_link_script CMakeFiles/cmTryCompileExec3716278775.dir/link.txt --verbose=1
/usr/bin/cc   -DCHECK_FUNCTION_EXISTS=pthread_create    CMakeFiles/cmTryCompileExec3716278775.dir/CheckFunctionExists.c.o  -o cmTryCompileExec3716278775 -rdynamic -lpthreads 
/usr/bin/ld: cannot find -lpthreads
collect2: error: ld returned 1 exit status
make[1]: *** [cmTryCompileExec3716278775] Error 1
make[1]: Leaving directory `/home/rhomni/bax_ws/bax_local/build/atlas_moveit_config/CMakeFiles/CMakeTmp'
make: *** [cmTryCompileExec3716278775/fast] Error 2


